<?xml version="1.0" encoding="UTF-8"?>
<!-- Generated by org.testng.reporters.JUnitXMLReporter -->
<testsuite hostname="DESKTOP-17JJ3GD" name="Test" tests="1" failures="1" timestamp="14 Sep 2020 10:43:09 GMT" time="18.247" errors="0">
  <testcase name="Verfy" time="18.217" classname="TestngFristDemo.VerfyTittel">
    <failure type="java.lang.NoClassDefFoundError" message="junit/framework/Assert">
      <![CDATA[java.lang.NoClassDefFoundError: junit/framework/Assert
	at TestngFristDemo.VerfyTittel.Verfy(VerfyTittel.java:27)
Caused by: java.lang.ClassNotFoundException: junit.framework.Assert
	at java.net.URLClassLoader.findClass(Unknown Source)
	at java.lang.ClassLoader.loadClass(Unknown Source)
	at sun.misc.Launcher$AppClassLoader.loadClass(Unknown Source)
	at java.lang.ClassLoader.loadClass(Unknown Source)
	... 25 more
... Removed 24 stack frames]]>
    </failure>
  </testcase> <!-- Verfy -->
</testsuite> <!-- Test -->
