<?xml version="1.0" encoding="UTF-8"?>
<testng-results skipped="0" failed="0" total="1" passed="1">
  <reporter-output>
  </reporter-output>
  <suite name="Default suite" duration-ms="29394" started-at="2020-10-26T06:13:29Z" finished-at="2020-10-26T06:13:58Z">
    <groups>
    </groups>
    <test name="Default test" duration-ms="29394" started-at="2020-10-26T06:13:29Z" finished-at="2020-10-26T06:13:58Z">
      <class name="HandleFream.HandleFreamDemo">
        <test-method status="PASS" signature="test()[pri:0, instance:HandleFream.HandleFreamDemo@5442a311]" name="test" duration-ms="29339" started-at="2020-10-26T11:43:29Z" finished-at="2020-10-26T11:43:58Z">
          <reporter-output>
          </reporter-output>
        </test-method> <!-- test -->
      </class> <!-- HandleFream.HandleFreamDemo -->
    </test> <!-- Default test -->
  </suite> <!-- Default suite -->
</testng-results>
